<?xml version="1.0" encoding="UTF-8"?>
<!-- Generated by org.testng.reporters.JUnitReportReporter -->
<testsuite hostname="Abhishek" failures="0" tests="1" name="com.Actitime.testscript.ProjectModule2" time="1.716" errors="0" timestamp="2024-07-27T11:37:01 AST" skipped="0">
  <testcase classname="com.Actitime.testscript.ProjectModule2" name="createProject" time="1.716"/>
  <system-out>
    <![CDATA[CreateProject]]>
  </system-out>
</testsuite> <!-- com.Actitime.testscript.ProjectModule2 -->
