<?xml version="1.0" encoding="UTF-8"?>
<!-- Generated by org.testng.reporters.JUnitReportReporter -->
<testsuite hostname="Abhishek" failures="0" tests="1" name="com.Actitime.testscript.TaskModule2" time="1.649" errors="0" timestamp="2024-07-27T11:37:01 AST" skipped="0">
  <testcase classname="com.Actitime.testscript.TaskModule2" name="createTask" time="1.649"/>
  <system-out>
    <![CDATA[Task]]>
  </system-out>
</testsuite> <!-- com.Actitime.testscript.TaskModule2 -->
