<?xml version="1.0" encoding="UTF-8"?>
<!-- Generated by org.testng.reporters.JUnitReportReporter -->
<testsuite hostname="Abhishek" failures="0" tests="1" name="com.Actitime.testscript.LoginPageCls" time="10.148" errors="0" timestamp="2024-07-21T15:33:34 AST" skipped="0">
  <testcase classname="com.Actitime.testscript.LoginPageCls" name="loginModule" time="10.148"/>
  <system-out/>
</testsuite> <!-- com.Actitime.testscript.LoginPageCls -->
