<?xml version="1.0" encoding="UTF-8"?>
<!-- Generated by org.testng.reporters.JUnitReportReporter -->
<testsuite hostname="Abhishek" failures="0" tests="6" name="com.Actitime.testscript.CustomerModule" time="10.308" errors="0" timestamp="2024-07-17T12:29:39 AST" skipped="0">
  <testcase classname="com.Actitime.testscript.CustomerModule" name="createCustomer" time="1.779"/>
  <system-out>
    <![CDATA[CreateCustomer]]>
  </system-out>
  <testcase classname="com.Actitime.testscript.CustomerModule" name="createCustomer" time="1.789"/>
  <system-out>
    <![CDATA[CreateCustomer]]>
  </system-out>
  <testcase classname="com.Actitime.testscript.CustomerModule" name="createCustomer" time="1.702"/>
  <system-out>
    <![CDATA[CreateCustomer]]>
  </system-out>
  <testcase classname="com.Actitime.testscript.CustomerModule" name="createCustomer" time="1.634"/>
  <system-out>
    <![CDATA[CreateCustomer]]>
  </system-out>
  <testcase classname="com.Actitime.testscript.CustomerModule" name="modifyCustomer" time="1.630"/>
  <system-out>
    <![CDATA[modifyCustomer]]>
  </system-out>
  <testcase classname="com.Actitime.testscript.CustomerModule" name="deleteCustomer" time="1.774"/>
  <system-out>
    <![CDATA[deletecustomer]]>
  </system-out>
</testsuite> <!-- com.Actitime.testscript.CustomerModule -->
